time="2020-05-06 15:46:32" level=info msg="| 200 |       2.019ms |             ::1 | GET | /api/auth/register |"
time="2020-05-06 15:46:32" level=info msg="| 200 |      2.9955ms |             ::1 | GET | /api/auth/captcha |"
time="2020-05-06 15:46:32" level=info msg="| 404 |            0s |             ::1 | GET | /favicon.ico |"
time="2020-05-06 15:48:13" level=info msg="| 200 |      1.9847ms |             ::1 | GET | /api/auth/captcha |"
time="2020-05-06 15:48:14" level=info msg="| 200 |       1.019ms |             ::1 | GET | /api/auth/register |"
time="2020-05-06 15:48:14" level=info msg="| 200 |      1.0094ms |             ::1 | GET | /api/auth/captcha |"
time="2020-05-06 15:48:33" level=info msg="| 400 |            0s |             ::1 | POST | /api/auth/register |"
time="2020-05-06 15:48:45" level=info msg="| 200 |      1.0018ms |             ::1 | GET | /api/auth/register |"
time="2020-05-06 15:48:45" level=info msg="| 200 |       997.5µs |             ::1 | GET | /api/auth/captcha |"
time="2020-05-06 15:49:05" level=info msg="| 200 |      1.0187ms |             ::1 | GET | /api/auth/captcha?v=0.721280703148298 |"
time="2020-05-06 15:49:06" level=info msg="| 200 |       990.7µs |             ::1 | GET | /api/auth/captcha?v=0.41718156618098434 |"
time="2020-05-06 15:49:11" level=info msg="| 200 |      78.028ms |             ::1 | POST | /api/auth/register |"
time="2020-05-06 15:49:22" level=info msg="| 200 |      1.0132ms |             ::1 | GET | /api/auth/login |"
time="2020-05-06 15:49:22" level=info msg="| 200 |      2.0308ms |             ::1 | GET | /api/auth/captcha |"
time="2020-05-06 15:49:37" level=info msg="| 200 |      1.0014ms |             ::1 | GET | /api/auth/captcha?v=0.9146645347091737 |"
time="2020-05-06 15:49:41" level=info msg="| 200 |     81.0167ms |             ::1 | POST | /api/auth/login |"
time="2020-05-06 16:08:39" level=info msg="| 401 |       1.001ms |             ::1 | GET | /api/auth/index |"
time="2020-05-06 16:10:41" level=info msg="| 200 |       985.5µs |             ::1 | GET | /api/auth/login |"
time="2020-05-06 16:10:42" level=info msg="| 200 |     23.0012ms |             ::1 | GET | /api/auth/captcha |"
time="2020-05-06 16:10:44" level=info msg="| 200 |      1.0044ms |             ::1 | GET | /api/auth/captcha |"
time="2020-05-06 16:10:52" level=info msg="| 200 |      1.0005ms |             ::1 | GET | /api/auth/captcha?v=0.8707964168360052 |"
time="2020-05-06 16:10:58" level=error msg="账户或密码错误error" name=PostRegister
time="2020-05-06 16:10:58" level=info msg="| 200 |     80.0318ms |             ::1 | POST | /api/auth/login |"
time="2020-05-06 16:11:01" level=info msg="| 200 |       1.025ms |             ::1 | GET | /api/auth/login |"
time="2020-05-06 16:11:01" level=info msg="| 200 |      1.9907ms |             ::1 | GET | /api/auth/captcha |"
time="2020-05-06 16:11:02" level=info msg="| 200 |       995.9µs |             ::1 | GET | /api/auth/login |"
time="2020-05-06 16:11:02" level=info msg="| 200 |      3.0273ms |             ::1 | GET | /api/auth/captcha |"
time="2020-05-06 16:11:10" level=info msg="| 200 |      1.9976ms |             ::1 | GET | /api/auth/captcha?v=0.28749856154378617 |"
time="2020-05-06 16:11:15" level=error msg="账户或密码错误error" name=PostRegister
time="2020-05-06 16:11:15" level=info msg="| 200 |     79.9949ms |             ::1 | POST | /api/auth/login |"
time="2020-05-06 16:11:38" level=info msg="| 200 |         997µs |             ::1 | GET | /api/auth/register |"
time="2020-05-06 16:11:38" level=info msg="| 200 |       998.7µs |             ::1 | GET | /api/auth/captcha |"
time="2020-05-06 16:11:39" level=info msg="| 200 |      3.0031ms |             ::1 | GET | /api/auth/captcha |"
time="2020-05-06 16:11:49" level=info msg="| 200 |      1.0013ms |             ::1 | GET | /api/auth/captcha?v=0.4233300368499351 |"
time="2020-05-06 16:11:50" level=info msg="| 200 |       1.002ms |             ::1 | GET | /api/auth/captcha?v=0.6847869507518487 |"
time="2020-05-06 16:11:51" level=info msg="| 200 |      1.9928ms |             ::1 | GET | /api/auth/captcha?v=0.7890207818350938 |"
time="2020-05-06 16:11:52" level=info msg="| 200 |      1.0017ms |             ::1 | GET | /api/auth/captcha?v=0.5580929407959176 |"
time="2020-05-06 16:11:53" level=info msg="| 200 |      1.0324ms |             ::1 | GET | /api/auth/captcha?v=0.39183558683200337 |"
time="2020-05-06 16:11:58" level=info msg="| 200 |     79.9974ms |             ::1 | POST | /api/auth/register |"
time="2020-05-06 16:12:05" level=info msg="| 200 |       998.4µs |             ::1 | GET | /api/auth/login |"
time="2020-05-06 16:12:05" level=info msg="| 200 |       993.8µs |             ::1 | GET | /api/auth/captcha |"
time="2020-05-06 16:12:06" level=info msg="| 200 |            0s |             ::1 | GET | /api/auth/captcha |"
time="2020-05-06 16:12:14" level=info msg="| 200 |       999.4µs |             ::1 | GET | /api/auth/captcha?v=0.4299575169604828 |"
time="2020-05-06 16:12:19" level=info msg="| 200 |     77.0264ms |             ::1 | POST | /api/auth/login |"
time="2020-05-06 16:12:34" level=info msg="| 200 |      7.9409ms |             ::1 | GET | /api/auth/index |"
time="2020-05-06 16:12:47" level=info msg="| 401 |            0s |             ::1 | GET | /api/auth/index |"
time="2020-05-06 16:15:57" level=info msg="| 200 |      3.0999ms |             ::1 | GET | /api/auth/login |"
time="2020-05-06 16:15:57" level=info msg="| 200 |     13.0049ms |             ::1 | GET | /api/auth/captcha |"
time="2020-05-06 16:15:58" level=info msg="| 200 |      2.0368ms |             ::1 | GET | /api/auth/login |"
time="2020-05-06 16:15:58" level=info msg="| 200 |      7.0003ms |             ::1 | GET | /api/auth/captcha |"
time="2020-05-06 16:16:04" level=error msg="用户数据绑定错误error" name=PostLogin
time="2020-05-06 16:16:04" level=info msg="| 400 |      1.9901ms |             ::1 | POST | /api/auth/login |"
time="2020-05-06 16:16:07" level=info msg="| 200 |            0s |             ::1 | GET | /api/auth/login |"
time="2020-05-06 16:16:07" level=info msg="| 200 |      6.0007ms |             ::1 | GET | /api/auth/captcha |"
time="2020-05-06 16:16:17" level=info msg="| 200 |      1.0232ms |             ::1 | GET | /api/auth/captcha?v=0.1799121877002563 |"
time="2020-05-06 16:16:18" level=info msg="| 200 |      1.0168ms |             ::1 | GET | /api/auth/captcha?v=0.020223596016203604 |"
time="2020-05-06 16:16:19" level=info msg="| 200 |      1.9988ms |             ::1 | GET | /api/auth/captcha?v=0.7122361201161926 |"
time="2020-05-06 16:16:20" level=info msg="| 200 |      1.0033ms |             ::1 | GET | /api/auth/captcha?v=0.4700196735414621 |"
time="2020-05-06 16:16:21" level=info msg="| 200 |      1.0296ms |             ::1 | GET | /api/auth/captcha?v=0.39163609327086757 |"
time="2020-05-06 16:16:22" level=info msg="| 200 |       975.5µs |             ::1 | GET | /api/auth/captcha?v=0.07460630640001953 |"
time="2020-05-06 16:16:28" level=info msg="| 200 |     79.9811ms |             ::1 | POST | /api/auth/login |"
time="2020-05-06 16:16:39" level=info msg="| 200 |            0s |             ::1 | GET | /api/auth/index |"
time="2020-05-06 16:52:34" level=info msg="| 200 |      1.9895ms |             ::1 | GET | /api/auth/index |"
time="2020-05-06 16:52:34" level=info msg="| 200 |     13.0117ms |             ::1 | GET | /api/auth/captcha |"
time="2020-05-06 17:04:36" level=info msg="| 200 |      1.9984ms |             ::1 | GET | /api/auth/index |"
time="2020-05-06 17:24:17" level=info msg="| 200 |      1.0308ms |             ::1 | GET | /api/auth/index |"
