time="2020-05-15 14:11:44" level=info msg="| 200 |      4.0033ms |             ::1 | PUT | /api/auth/user?id=3&username=ceshi&password=123456 |"
time="2020-05-15 14:24:52" level=info msg="| 200 |            0s |             ::1 | PUT | /api/auth/user?id=21&username=ceshi&password=12345689988 |"
time="2020-05-15 14:25:17" level=info msg="| 200 |     85.0046ms |             ::1 | PUT | /api/auth/user?id=21&username=ceshi&password=12345689988 |"
time="2020-05-15 14:34:58" level=info msg="| 200 |    122.0007ms |             ::1 | PUT | /api/auth/user?id=21&username=ceshi&password=12345689988 |"
time="2020-05-15 14:38:52" level=info msg="| 200 |    127.9973ms |             ::1 | PUT | /api/auth/user?id=21&username=ceshi&password=12345689988 |"
time="2020-05-15 14:42:20" level=info msg="| 200 |     84.9915ms |             ::1 | PUT | /api/auth/user?id=21&username=ceshi&password=12345689988 |"
time="2020-05-15 14:45:35" level=info msg="| 200 |     119.998ms |             ::1 | PUT | /api/auth/user?id=21&username=ceshi&password=12345689988 |"
time="2020-05-15 14:46:18" level=info msg="| 200 |     84.9963ms |             ::1 | PUT | /api/auth/user?id=21&username=ceshi&password=12345689988 |"
time="2020-05-15 14:47:06" level=info msg="| 200 |    109.9993ms |             ::1 | PUT | /api/auth/user?id=21&username=ceshi&password=12345689988 |"
time="2020-05-15 14:48:50" level=info msg="| 200 |     97.9943ms |             ::1 | PUT | /api/auth/user?id=21&username=ceshi&password=12345689988 |"
time="2020-05-15 14:54:59" level=info msg="| 200 |     86.9975ms |             ::1 | PUT | /api/auth/user?id=21&username=ceshi&password=12345689988 |"
time="2020-05-15 15:01:15" level=info msg="| 200 |     94.9966ms |             ::1 | PUT | /api/auth/user?id=20&username=ceshi&password=12345689988 |"
time="2020-05-15 15:03:45" level=info msg="| 200 |      88.996ms |             ::1 | PUT | /api/auth/user?id=20&username=ceshi&password=12345689988 |"
time="2020-05-15 15:16:14" level=info msg="| 200 |     94.9987ms |             ::1 | PUT | /api/auth/user?id=20&username=ceshi&password=12345689988 |"
time="2020-05-15 15:16:50" level=info msg="| 200 |    118.9979ms |             ::1 | PUT | /api/auth/user?id=20&username=ceshi&password=12345689988 |"
time="2020-05-15 15:17:26" level=info msg="| 200 |    103.9961ms |             ::1 | PUT | /api/auth/user?id=20&username=ceshi&password=12345689988 |"
time="2020-05-15 15:18:52" level=info msg="| 200 |    122.0038ms |             ::1 | PUT | /api/auth/user?id=20&username=ceshi&password=12345689988 |"
time="2020-05-15 15:22:02" level=info msg="| 200 |    117.9937ms |             ::1 | PUT | /api/auth/user?id=20&username=ceshi&password=12345689988 |"
time="2020-05-15 15:22:27" level=info msg="| 200 |    108.9986ms |             ::1 | PUT | /api/auth/user?id=20&username=ceshi&password=12345689988 |"
time="2020-05-15 15:27:03" level=info msg="| 200 |     85.9964ms |             ::1 | PUT | /api/auth/user?id=20&username=ceshi&password=12345689988 |"
time="2020-05-15 15:28:56" level=info msg="| 200 |    110.9953ms |             ::1 | PUT | /api/auth/user?id=20&username=ceshi3&password=333 |"
time="2020-05-15 15:30:07" level=info msg="| 200 |     85.9957ms |             ::1 | PUT | /api/auth/user?id=20&username=ceshi3&password=333 |"
time="2020-05-15 15:33:31" level=info msg="| 200 |    128.0056ms |             ::1 | PUT | /api/auth/user?id=20&username=ceshi3&password=333 |"
time="2020-05-15 15:43:53" level=info msg="| 200 |    204.9986ms |             ::1 | PUT | /api/auth/user?id=20&username=ceshi4&password=35555 |"
time="2020-05-15 15:44:26" level=info msg="| 200 |    114.9863ms |             ::1 | PUT | /api/auth/user?id=12&username=admin12&password=admin |"
time="2020-05-15 15:57:03" level=info msg="| 200 |     99.0019ms |             ::1 | PUT | /api/auth/user?id=21&username=admin122&password=admin |"
time="2020-05-15 16:00:08" level=info msg="| 404 |            0s |             ::1 | DELETE | /api/auth/user?id=21 |"
time="2020-05-15 16:00:21" level=info msg="| 200 |            0s |             ::1 | DELETE | /api/auth/user/21 |"
time="2020-05-15 17:24:18" level=info msg="| 200 |     63.9831ms |             ::1 | DELETE | /api/auth/user/21 |"
time="2020-05-15 17:33:35" level=info msg="| 200 |      3.0043ms |             ::1 | DELETE | /api/auth/user/20 |"
