time="2020-05-11 14:46:27" level=info msg="| 200 |       1.999ms |             ::1 | GET | /api/auth/register |"
time="2020-05-11 14:46:27" level=info msg="| 200 |       3.003ms |             ::1 | GET | /api/auth/captcha |"
time="2020-05-11 14:46:27" level=info msg="| 404 |            0s |             ::1 | GET | /favicon.ico |"
time="2020-05-11 14:46:31" level=info msg="| 200 |            0s |             ::1 | GET | /api/auth/user |"
time="2020-05-11 14:48:41" level=info msg="| 200 |      1.9935ms |             ::1 | GET | /api/auth/user |"
time="2020-05-11 15:14:35" level=info msg="| 200 |      5.9886ms |             ::1 | POST | /api/auth/user?username=adminn&password=password |"
time="2020-05-11 15:16:19" level=info msg="| 200 |      4.0017ms |             ::1 | POST | /api/auth/user?username=adminn3&password=password |"
time="2020-05-11 15:19:07" level=info msg="| 200 |    131.9901ms |             ::1 | POST | /api/auth/user?username=admin7&password=password |"
time="2020-05-11 15:19:21" level=info msg="| 200 |    107.9949ms |             ::1 | POST | /api/auth/user?username=admin8&password=password |"
time="2020-05-11 15:28:16" level=info msg="| 200 |      1.0005ms |             ::1 | GET | /api/auth/user |"
time="2020-05-11 16:11:34" level=info msg="| 200 |      9.1112ms |             ::1 | GET | /api/auth/user |"
time="2020-05-11 16:19:05" level=info msg="| 200 |     14.0003ms |             ::1 | GET | /api/auth/user |"
time="2020-05-11 16:30:39" level=info msg="| 200 |      2.9842ms |             ::1 | GET | /api/auth/user |"
time="2020-05-11 16:40:57" level=info msg="| 200 |      8.0129ms |             ::1 | GET | /api/auth/user |"
time="2020-05-11 16:41:28" level=info msg="| 200 |      7.0013ms |             ::1 | GET | /api/auth/user |"
time="2020-05-11 17:00:02" level=info msg="| 200 |      4.9428ms |             ::1 | GET | /api/auth/user |"
time="2020-05-11 17:01:09" level=info msg="| 200 |     12.9957ms |             ::1 | GET | /api/auth/user |"
time="2020-05-11 17:04:38" level=info msg="| 200 |      2.9796ms |             ::1 | GET | /api/auth/user |"
time="2020-05-11 17:15:18" level=info msg="| 200 |      4.9982ms |             ::1 | GET | /api/auth/user |"
time="2020-05-11 17:17:23" level=info msg="| 200 |       3.981ms |             ::1 | GET | /api/auth/user |"
time="2020-05-11 17:19:20" level=info msg="| 200 |      4.0014ms |             ::1 | GET | /api/auth/user |"
time="2020-05-11 17:20:42" level=info msg="| 200 |      3.9925ms |             ::1 | GET | /api/auth/user |"
time="2020-05-11 17:35:11" level=info msg="| 200 |      5.3338ms |             ::1 | GET | /api/auth/user |"
time="2020-05-11 17:37:29" level=info msg="| 200 |      5.9899ms |             ::1 | GET | /api/auth/user |"
time="2020-05-11 17:39:09" level=info msg="| 200 |    123.9664ms |             ::1 | POST | /api/auth/user?username=admin9&password=admin |"
time="2020-05-11 17:39:15" level=info msg="| 200 |    127.9985ms |             ::1 | POST | /api/auth/user?username=admin10&password=admin |"
time="2020-05-11 17:39:18" level=info msg="| 200 |     97.9985ms |             ::1 | POST | /api/auth/user?username=admin11&password=admin |"
time="2020-05-11 17:39:20" level=info msg="| 200 |      6.0031ms |             ::1 | GET | /api/auth/user |"
time="2020-05-11 17:39:25" level=info msg="| 200 |     98.9967ms |             ::1 | POST | /api/auth/user?username=admin12&password=admin |"
time="2020-05-11 17:39:29" level=info msg="| 200 |    103.9979ms |             ::1 | POST | /api/auth/user?username=admin13&password=admin |"
time="2020-05-11 17:39:34" level=info msg="| 200 |     99.0065ms |             ::1 | POST | /api/auth/user?username=admin14&password=admin |"
time="2020-05-11 17:39:36" level=info msg="| 200 |      5.0006ms |             ::1 | GET | /api/auth/user |"
