time="2020-05-14 11:19:00" level=info msg="| 200 |      4.0417ms |             ::1 | GET | /api/auth/register |"
time="2020-05-14 11:19:00" level=info msg="| 200 |     48.0203ms |             ::1 | GET | /api/auth/captcha |"
time="2020-05-14 11:19:00" level=info msg="| 404 |            0s |             ::1 | GET | /favicon.ico |"
time="2020-05-14 11:19:05" level=info msg="| 200 |      9.0049ms |             ::1 | GET | /api/auth/user |"
time="2020-05-14 11:20:01" level=info msg="| 200 |     87.0018ms |             ::1 | POST | /api/auth/user?username=admin15&password=admin |"
time="2020-05-14 11:20:08" level=info msg="| 200 |      7.9994ms |             ::1 | GET | /api/auth/user |"
time="2020-05-14 15:00:22" level=info msg="| 200 |      4.9972ms |             ::1 | PUT | /api/auth/user/3 |"
time="2020-05-14 15:04:50" level=info msg="| 200 |     10.0021ms |             ::1 | PUT | /api/auth/user/3 |"
time="2020-05-14 15:53:57" level=info msg="| 200 |     51.0002ms |             ::1 | GET | /api/auth/user |"
time="2020-05-14 16:01:00" level=info msg="| 200 |      8.9982ms |             ::1 | GET | /api/auth/user |"
time="2020-05-14 16:12:47" level=info msg="| 200 |      4.0096ms |             ::1 | PUT | /api/auth/user?username=ceshi&password=123456 |"
time="2020-05-14 16:24:57" level=info msg="| 200 |      1.9999ms |             ::1 | GET | /api/auth/user/3 |"
time="2020-05-14 16:26:21" level=info msg="| 200 |       997.9µs |             ::1 | GET | /api/auth/user/3 |"
time="2020-05-14 16:27:49" level=info msg="| 200 |      7.0113ms |             ::1 | GET | /api/auth/user |"
time="2020-05-14 16:27:52" level=info msg="| 200 |            0s |             ::1 | GET | /api/auth/user/3 |"
time="2020-05-14 16:45:00" level=info msg="| 200 |     11.0004ms |             ::1 | GET | /api/auth/user/3 |"
time="2020-05-14 16:46:09" level=info msg="| 200 |      2.9896ms |             ::1 | GET | /api/auth/user/3 |"
time="2020-05-14 16:48:08" level=info msg="| 200 |      8.0095ms |             ::1 | GET | /api/auth/user/3 |"
time="2020-05-14 16:55:10" level=info msg="| 200 |      7.9985ms |             ::1 | GET | /api/auth/user/3 |"
time="2020-05-14 16:56:17" level=info msg="| 200 |     24.0121ms |             ::1 | GET | /api/auth/user/3 |"
