time="2020-04-29 09:51:09" level=info msg="| 200 |     73.0042ms |             ::1 | GET | /api/auth/register |"
time="2020-04-29 09:51:09" level=info msg="| 200 |      1.9885ms |             ::1 | GET | /api/auth/captcha |"
time="2020-04-29 09:51:10" level=info msg="| 404 |            0s |             ::1 | GET | /favicon.ico |"
time="2020-04-29 10:04:59" level=info msg="| 200 |      7.0235ms |             ::1 | GET | /api/auth/register |"
time="2020-04-29 10:04:59" level=info msg="| 200 |     11.0249ms |             ::1 | GET | /api/auth/captcha |"
time="2020-04-29 10:05:06" level=info msg="| 400 |       999.7µs |             ::1 | POST | /api/auth/register |"
time="2020-04-29 10:05:08" level=info msg="| 200 |       1.015ms |             ::1 | GET | /api/auth/captcha |"
time="2020-04-29 10:05:37" level=info msg="| 200 |      4.9931ms |             ::1 | GET | /api/auth/register |"
time="2020-04-29 10:05:37" level=info msg="| 200 |      1.9881ms |             ::1 | GET | /api/auth/captcha |"
time="2020-04-29 10:05:48" level=info msg="| 400 |            0s |             ::1 | POST | /api/auth/register |"
time="2020-04-29 10:06:03" level=info msg="| 200 |      1.9811ms |             ::1 | GET | /api/auth/captcha |"
time="2020-04-29 10:06:04" level=info msg="| 200 |      5.0021ms |             ::1 | GET | /api/auth/register |"
time="2020-04-29 10:06:04" level=info msg="| 200 |       2.995ms |             ::1 | GET | /api/auth/captcha |"
time="2020-04-29 10:06:14" level=info msg="| 200 |         986µs |             ::1 | GET | /api/auth/captcha?v=0.7268646697391639 |"
time="2020-04-29 10:06:16" level=info msg="| 200 |        1.03ms |             ::1 | GET | /api/auth/captcha?v=0.7522170957158243 |"
time="2020-04-29 10:06:17" level=info msg="| 200 |      2.0004ms |             ::1 | GET | /api/auth/captcha?v=0.9076668707974096 |"
time="2020-04-29 10:06:18" level=info msg="| 200 |            0s |             ::1 | GET | /api/auth/captcha?v=0.9051316750614427 |"
time="2020-04-29 10:06:19" level=info msg="| 200 |      1.0328ms |             ::1 | GET | /api/auth/captcha?v=0.5567314035426594 |"
time="2020-04-29 10:06:20" level=info msg="| 200 |       999.6µs |             ::1 | GET | /api/auth/captcha?v=0.6152826494951269 |"
time="2020-04-29 10:06:25" level=info msg="| 400 |            0s |             ::1 | POST | /api/auth/register |"
time="2020-04-29 10:08:41" level=info msg="| 200 |      6.0301ms |             ::1 | GET | /api/auth/register |"
time="2020-04-29 10:08:41" level=info msg="| 200 |      5.0232ms |             ::1 | GET | /api/auth/captcha |"
time="2020-04-29 10:08:51" level=info msg="| 200 |      1.0016ms |             ::1 | GET | /api/auth/captcha?v=0.6048358006098102 |"
time="2020-04-29 10:08:52" level=info msg="| 200 |       1.016ms |             ::1 | GET | /api/auth/captcha?v=0.6487944537021979 |"
time="2020-04-29 10:09:00" level=info msg="| 400 |      2.0012ms |             ::1 | POST | /api/auth/register |"
time="2020-04-29 10:11:33" level=info msg="| 200 |      8.0017ms |             ::1 | GET | /api/auth/register |"
time="2020-04-29 10:11:33" level=info msg="| 200 |      7.9998ms |             ::1 | GET | /api/auth/captcha |"
time="2020-04-29 10:11:45" level=info msg="| 400 |      2.0286ms |             ::1 | POST | /api/auth/register |"
time="2020-04-29 10:21:54" level=info msg="| 200 |      1.9979ms |             ::1 | GET | /api/auth/captcha |"
time="2020-04-29 10:23:02" level=info msg="| 200 |       7.018ms |             ::1 | GET | /api/auth/register |"
time="2020-04-29 10:23:03" level=info msg="| 200 |      2.0158ms |             ::1 | GET | /api/auth/captcha |"
time="2020-04-29 10:26:35" level=info msg="| 200 |      3.0408ms |             ::1 | GET | /api/auth/register |"
time="2020-04-29 10:26:35" level=info msg="| 200 |      3.9982ms |             ::1 | GET | /api/auth/captcha |"
time="2020-04-29 10:26:45" level=info msg="| 200 |      2.9997ms |             ::1 | POST | /api/auth/register |"
time="2020-04-29 10:28:55" level=info msg="| 200 |      3.0098ms |             ::1 | GET | /api/auth/register |"
time="2020-04-29 10:28:55" level=info msg="| 200 |     16.0436ms |             ::1 | GET | /api/auth/captcha |"
time="2020-04-29 10:29:04" level=info msg="| 200 |      1.0314ms |             ::1 | GET | /api/auth/captcha?v=0.5686907545059472 |"
time="2020-04-29 10:29:05" level=info msg="| 200 |      1.0397ms |             ::1 | GET | /api/auth/captcha?v=0.049524453666745405 |"
time="2020-04-29 10:29:06" level=info msg="| 200 |      1.0436ms |             ::1 | GET | /api/auth/captcha?v=0.07458359663668768 |"
time="2020-04-29 10:29:07" level=info msg="| 200 |      1.0341ms |             ::1 | GET | /api/auth/captcha?v=0.10253596562967515 |"
time="2020-04-29 10:29:13" level=info msg="| 200 |       998.7µs |             ::1 | POST | /api/auth/register |"
time="2020-04-29 10:29:24" level=info msg="| 200 |      2.0086ms |             ::1 | GET | /api/auth/register |"
time="2020-04-29 10:29:24" level=info msg="| 200 |      3.9988ms |             ::1 | GET | /api/auth/captcha |"
time="2020-04-29 10:29:32" level=error msg="用户数据绑定错误error" name=PostRegister
time="2020-04-29 10:29:32" level=info msg="| 400 |      1.0038ms |             ::1 | POST | /api/auth/register |"
time="2020-04-29 10:29:39" level=info msg="| 200 |      1.9868ms |             ::1 | GET | /api/auth/captcha |"
time="2020-04-29 10:29:55" level=info msg="| 200 |      2.0007ms |             ::1 | GET | /api/auth/register |"
time="2020-04-29 10:29:55" level=info msg="| 200 |      2.0178ms |             ::1 | GET | /api/auth/captcha |"
time="2020-04-29 10:30:05" level=info msg="| 400 |       993.1µs |             ::1 | POST | /api/auth/register |"
time="2020-04-29 10:30:09" level=info msg="| 200 |      3.1083ms |             ::1 | GET | /api/auth/register |"
time="2020-04-29 10:30:09" level=info msg="| 200 |      2.0012ms |             ::1 | GET | /api/auth/captcha |"
time="2020-04-29 10:30:22" level=info msg="| 400 |            0s |             ::1 | POST | /api/auth/register |"
time="2020-04-29 11:09:25" level=info msg="| 200 |      1.9965ms |             ::1 | GET | /api/auth/register |"
time="2020-04-29 11:09:25" level=info msg="| 200 |      6.9964ms |             ::1 | GET | /api/auth/captcha |"
time="2020-04-29 11:09:37" level=info msg="| 200 |      4.0125ms |             ::1 | POST | /api/auth/register |"
time="2020-04-29 11:13:56" level=info msg="| 200 |      1.0025ms |             ::1 | GET | /api/auth/register |"
time="2020-04-29 11:13:56" level=info msg="| 200 |      4.0025ms |             ::1 | GET | /api/auth/captcha |"
time="2020-04-29 11:14:10" level=info msg="| 200 |      8.0033ms |             ::1 | POST | /api/auth/register |"
time="2020-04-29 11:16:16" level=info msg="| 200 |      2.0021ms |             ::1 | GET | /api/auth/register |"
time="2020-04-29 11:16:16" level=info msg="| 200 |      5.0487ms |             ::1 | GET | /api/auth/captcha |"
time="2020-04-29 11:16:27" level=info msg="| 200 |      1.0182ms |             ::1 | GET | /api/auth/captcha?v=0.14500769391380786 |"
time="2020-04-29 11:16:29" level=info msg="| 200 |         997µs |             ::1 | GET | /api/auth/captcha?v=0.035945600041838555 |"
time="2020-04-29 11:16:30" level=info msg="| 200 |       969.8µs |             ::1 | GET | /api/auth/captcha?v=0.869023555112616 |"
time="2020-04-29 11:16:35" level=info msg="| 200 |      9.0002ms |             ::1 | POST | /api/auth/register |"
time="2020-04-29 11:18:43" level=info msg="| 200 |       999.7µs |             ::1 | GET | /api/auth/register |"
time="2020-04-29 11:18:44" level=info msg="| 200 |      5.0383ms |             ::1 | GET | /api/auth/captcha |"
time="2020-04-29 11:18:50" level=info msg="| 200 |      1.0291ms |             ::1 | GET | /api/auth/captcha?v=0.6320648334218879 |"
time="2020-04-29 11:19:05" level=info msg="| 200 |      9.0173ms |             ::1 | POST | /api/auth/register |"
time="2020-04-29 11:32:33" level=info msg="| 200 |       998.7µs |             ::1 | GET | /api/auth/register |"
time="2020-04-29 11:32:33" level=info msg="| 200 |      4.0056ms |             ::1 | GET | /api/auth/captcha |"
time="2020-04-29 11:32:45" level=info msg="| 200 |            0s |             ::1 | GET | /api/auth/captcha?v=0.8493651301906247 |"
time="2020-04-29 11:32:47" level=info msg="| 200 |      1.0003ms |             ::1 | GET | /api/auth/captcha?v=0.32831018211584717 |"
time="2020-04-29 11:32:49" level=info msg="| 200 |      1.9981ms |             ::1 | GET | /api/auth/captcha?v=0.8566672011166971 |"
time="2020-04-29 11:32:53" level=info msg="| 200 |    122.9948ms |             ::1 | POST | /api/auth/register |"
time="2020-04-29 11:40:54" level=info msg="| 200 |      3.0214ms |             ::1 | GET | /api/auth/register |"
time="2020-04-29 11:40:54" level=info msg="| 200 |      8.0117ms |             ::1 | GET | /api/auth/captcha |"
time="2020-04-29 11:41:06" level=info msg="| 200 |     82.9965ms |             ::1 | POST | /api/auth/register |"
time="2020-04-29 13:46:25" level=info msg="| 200 |       998.3µs |             ::1 | GET | /api/auth/register |"
time="2020-04-29 13:46:25" level=info msg="| 200 |     12.0134ms |             ::1 | GET | /api/auth/captcha |"
time="2020-04-29 13:46:33" level=info msg="| 200 |            0s |             ::1 | GET | /api/auth/captcha?v=0.7954367813033978 |"
time="2020-04-29 13:46:40" level=info msg="| 200 |    124.9956ms |             ::1 | POST | /api/auth/register |"
time="2020-04-29 13:54:45" level=info msg="| 200 |      1.9926ms |             ::1 | GET | /api/auth/register |"
time="2020-04-29 13:54:45" level=info msg="| 200 |      3.0001ms |             ::1 | GET | /api/auth/captcha |"
time="2020-04-29 13:54:57" level=info msg="| 200 |     84.0482ms |             ::1 | POST | /api/auth/register |"
time="2020-04-29 13:55:00" level=info msg="| 200 |       994.8µs |             ::1 | GET | /api/auth/register |"
time="2020-04-29 13:55:53" level=info msg="| 200 |       998.4µs |             ::1 | GET | /api/auth/register |"
time="2020-04-29 13:55:53" level=info msg="| 200 |     28.9762ms |             ::1 | GET | /api/auth/captcha |"
time="2020-04-29 13:56:04" level=info msg="| 200 |       927.2µs |             ::1 | GET | /api/auth/captcha?v=0.8661945616658933 |"
time="2020-04-29 13:56:05" level=info msg="| 200 |            0s |             ::1 | GET | /api/auth/captcha?v=0.4219639044800605 |"
time="2020-04-29 13:56:06" level=info msg="| 200 |      1.0351ms |             ::1 | GET | /api/auth/captcha?v=0.543661860090725 |"
time="2020-04-29 13:56:11" level=info msg="| 200 |     77.6684ms |             ::1 | POST | /api/auth/register |"
time="2020-04-29 13:57:13" level=info msg="| 200 |            0s |             ::1 | GET | /api/auth/register |"
time="2020-04-29 13:57:13" level=info msg="| 200 |      1.0024ms |             ::1 | GET | /api/auth/captcha |"
time="2020-04-29 13:57:14" level=info msg="| 200 |      1.0287ms |             ::1 | GET | /api/auth/register |"
time="2020-04-29 13:57:14" level=info msg="| 200 |      2.0177ms |             ::1 | GET | /api/auth/captcha |"
time="2020-04-29 13:57:23" level=info msg="| 200 |      1.0163ms |             ::1 | GET | /api/auth/captcha?v=0.20078142788458675 |"
time="2020-04-29 13:57:28" level=info msg="| 200 |     80.0082ms |             ::1 | POST | /api/auth/register |"
time="2020-04-29 13:59:16" level=info msg="| 200 |      1.0047ms |             ::1 | GET | /api/auth/register |"
time="2020-04-29 13:59:16" level=info msg="| 200 |       4.994ms |             ::1 | GET | /api/auth/captcha |"
time="2020-04-29 13:59:17" level=info msg="| 200 |       995.2µs |             ::1 | GET | /api/auth/register |"
time="2020-04-29 13:59:17" level=info msg="| 200 |       999.7µs |             ::1 | GET | /api/auth/captcha |"
time="2020-04-29 13:59:27" level=info msg="| 200 |       1.997ms |             ::1 | GET | /api/auth/captcha?v=0.4946148924177236 |"
time="2020-04-29 13:59:31" level=info msg="| 200 |      2.0011ms |             ::1 | POST | /api/auth/register |"
time="2020-04-29 13:59:46" level=info msg="| 200 |            0s |             ::1 | GET | /api/auth/register |"
time="2020-04-29 13:59:46" level=info msg="| 200 |      1.9531ms |             ::1 | GET | /api/auth/captcha |"
time="2020-04-29 13:59:49" level=info msg="| 200 |       991.6µs |             ::1 | GET | /api/auth/register |"
time="2020-04-29 13:59:49" level=info msg="| 200 |      5.0001ms |             ::1 | GET | /api/auth/captcha |"
time="2020-04-29 13:59:58" level=error msg="用户数据绑定错误error" name=PostRegister
time="2020-04-29 13:59:58" level=info msg="| 400 |      3.0438ms |             ::1 | POST | /api/auth/register |"
time="2020-04-29 14:01:55" level=info msg="| 200 |      1.0037ms |             ::1 | GET | /api/auth/register |"
time="2020-04-29 14:01:55" level=info msg="| 200 |      5.9991ms |             ::1 | GET | /api/auth/captcha |"
time="2020-04-29 14:02:15" level=info msg="| 200 |       999.4µs |             ::1 | GET | /api/auth/register |"
time="2020-04-29 14:02:15" level=info msg="| 200 |      3.0266ms |             ::1 | GET | /api/auth/captcha |"
time="2020-04-29 14:02:33" level=info msg="| 400 |            0s |             ::1 | POST | /api/auth/register |"
time="2020-04-29 14:02:38" level=info msg="| 200 |       998.1µs |             ::1 | GET | /api/auth/captcha |"
time="2020-04-29 14:02:39" level=info msg="| 200 |       998.4µs |             ::1 | GET | /api/auth/register |"
time="2020-04-29 14:02:39" level=info msg="| 200 |      4.0736ms |             ::1 | GET | /api/auth/captcha |"
time="2020-04-29 14:02:53" level=info msg="| 200 |            0s |             ::1 | POST | /api/auth/register |"
time="2020-04-29 14:02:57" level=info msg="| 200 |      1.0021ms |             ::1 | GET | /api/auth/register |"
time="2020-04-29 14:02:57" level=info msg="| 200 |      8.0143ms |             ::1 | GET | /api/auth/captcha |"
time="2020-04-29 14:03:12" level=info msg="| 200 |      2.9985ms |             ::1 | POST | /api/auth/register |"
time="2020-04-29 14:03:16" level=info msg="| 200 |      1.0038ms |             ::1 | GET | /api/auth/register |"
time="2020-04-29 14:03:17" level=info msg="| 200 |            0s |             ::1 | GET | /api/auth/register |"
time="2020-04-29 14:03:17" level=info msg="| 200 |      1.9989ms |             ::1 | GET | /api/auth/captcha |"
time="2020-04-29 14:03:26" level=info msg="| 200 |      2.0008ms |             ::1 | GET | /api/auth/captcha?v=0.39672784697155294 |"
time="2020-04-29 14:03:31" level=info msg="| 200 |      2.0017ms |             ::1 | POST | /api/auth/register |"
time="2020-04-29 14:03:41" level=info msg="| 200 |            0s |             ::1 | GET | /api/auth/register |"
time="2020-04-29 14:03:41" level=info msg="| 200 |      1.0043ms |             ::1 | GET | /api/auth/captcha |"
time="2020-04-29 14:03:42" level=info msg="| 200 |         992µs |             ::1 | GET | /api/auth/register |"
time="2020-04-29 14:03:42" level=info msg="| 200 |      5.0032ms |             ::1 | GET | /api/auth/captcha |"
time="2020-04-29 14:03:56" level=info msg="| 200 |            0s |             ::1 | GET | /api/auth/captcha?v=0.36663509797626403 |"
time="2020-04-29 14:03:57" level=info msg="| 200 |       998.3µs |             ::1 | GET | /api/auth/captcha?v=0.2781662916427554 |"
time="2020-04-29 14:04:01" level=info msg="| 200 |      2.0055ms |             ::1 | POST | /api/auth/register |"
time="2020-04-29 14:05:46" level=info msg="| 200 |      1.9992ms |             ::1 | GET | /api/auth/register |"
time="2020-04-29 14:05:46" level=info msg="| 200 |     15.0001ms |             ::1 | GET | /api/auth/captcha |"
time="2020-04-29 14:05:55" level=info msg="| 200 |       2.005ms |             ::1 | GET | /api/auth/captcha?v=0.8698203061679513 |"
time="2020-04-29 14:06:01" level=info msg="| 200 |     84.9979ms |             ::1 | POST | /api/auth/register |"
time="2020-04-29 14:08:46" level=info msg="| 200 |      1.0144ms |             ::1 | GET | /api/auth/register |"
time="2020-04-29 14:08:46" level=info msg="| 200 |     29.0031ms |             ::1 | GET | /api/auth/captcha |"
time="2020-04-29 14:09:14" level=info msg="| 200 |      1.0151ms |             ::1 | GET | /api/auth/captcha?v=0.349243145199835 |"
time="2020-04-29 14:09:17" level=info msg="| 200 |       968.2µs |             ::1 | GET | /api/auth/captcha?v=0.5281446605692197 |"
time="2020-04-29 14:09:23" level=info msg="| 200 |      88.031ms |             ::1 | POST | /api/auth/register |"
time="2020-04-29 14:09:40" level=info msg="| 200 |            0s |             ::1 | GET | /api/auth/register |"
time="2020-04-29 14:09:40" level=info msg="| 200 |      1.0023ms |             ::1 | GET | /api/auth/captcha |"
time="2020-04-29 14:09:49" level=info msg="| 200 |            0s |             ::1 | GET | /api/auth/captcha?v=0.46237367806754404 |"
time="2020-04-29 14:09:49" level=info msg="| 200 |       992.5µs |             ::1 | GET | /api/auth/captcha?v=0.3991911539478856 |"
time="2020-04-29 14:09:50" level=info msg="| 200 |      1.0012ms |             ::1 | GET | /api/auth/captcha?v=0.11035097218795231 |"
time="2020-04-29 14:09:51" level=info msg="| 200 |       1.004ms |             ::1 | GET | /api/auth/captcha?v=0.7200487565054534 |"
time="2020-04-29 14:09:57" level=info msg="| 200 |     82.9998ms |             ::1 | POST | /api/auth/register |"
time="2020-04-29 14:10:56" level=info msg="| 200 |      1.0168ms |             ::1 | GET | /api/auth/register |"
time="2020-04-29 14:10:56" level=info msg="| 200 |      4.0013ms |             ::1 | GET | /api/auth/captcha |"
time="2020-04-29 14:11:10" level=info msg="| 200 |      3.0001ms |             ::1 | POST | /api/auth/register |"
time="2020-04-29 14:11:22" level=info msg="| 200 |            0s |             ::1 | GET | /api/auth/register |"
time="2020-04-29 14:11:22" level=info msg="| 200 |       998.4µs |             ::1 | GET | /api/auth/captcha |"
time="2020-04-29 14:11:23" level=info msg="| 200 |       999.7µs |             ::1 | GET | /api/auth/register |"
time="2020-04-29 14:11:23" level=info msg="| 200 |      5.0054ms |             ::1 | GET | /api/auth/captcha |"
time="2020-04-29 14:11:35" level=info msg="| 200 |      1.0315ms |             ::1 | GET | /api/auth/captcha?v=0.31990573194033955 |"
time="2020-04-29 14:11:40" level=info msg="| 200 |      2.0158ms |             ::1 | POST | /api/auth/register |"
time="2020-04-29 14:11:52" level=info msg="| 200 |       986.2µs |             ::1 | GET | /api/auth/register |"
time="2020-04-29 14:11:52" level=info msg="| 200 |      3.0218ms |             ::1 | GET | /api/auth/captcha |"
time="2020-04-29 14:11:54" level=info msg="| 200 |      1.0119ms |             ::1 | GET | /api/auth/register |"
time="2020-04-29 14:11:54" level=info msg="| 200 |      1.0166ms |             ::1 | GET | /api/auth/captcha |"
time="2020-04-29 14:12:20" level=info msg="| 200 |     79.5416ms |             ::1 | POST | /api/auth/register |"
time="2020-04-29 14:13:18" level=info msg="| 200 |       999.9µs |             ::1 | GET | /api/auth/register |"
time="2020-04-29 14:13:18" level=info msg="| 200 |      6.9668ms |             ::1 | GET | /api/auth/captcha |"
time="2020-04-29 14:13:19" level=info msg="| 200 |            0s |             ::1 | GET | /api/auth/register |"
time="2020-04-29 14:13:19" level=info msg="| 200 |      2.0222ms |             ::1 | GET | /api/auth/captcha |"
time="2020-04-29 14:13:34" level=info msg="| 200 |      77.041ms |             ::1 | POST | /api/auth/register |"
time="2020-04-29 14:14:12" level=info msg="| 200 |      1.0298ms |             ::1 | GET | /api/auth/register |"
time="2020-04-29 14:14:12" level=info msg="| 200 |      5.0028ms |             ::1 | GET | /api/auth/captcha |"
time="2020-04-29 14:14:13" level=info msg="| 200 |            0s |             ::1 | GET | /api/auth/register |"
time="2020-04-29 14:14:13" level=info msg="| 200 |      3.0047ms |             ::1 | GET | /api/auth/captcha |"
time="2020-04-29 14:14:18" level=info msg="| 200 |            0s |             ::1 | GET | /api/auth/register |"
time="2020-04-29 14:14:18" level=info msg="| 200 |      2.0141ms |             ::1 | GET | /api/auth/captcha |"
time="2020-04-29 14:14:35" level=info msg="| 200 |            0s |             ::1 | POST | /api/auth/register |"
time="2020-04-29 14:14:43" level=info msg="| 200 |       997.3µs |             ::1 | GET | /api/auth/register |"
time="2020-04-29 14:14:43" level=info msg="| 200 |      1.0005ms |             ::1 | GET | /api/auth/captcha |"
time="2020-04-29 14:14:45" level=info msg="| 200 |       996.9µs |             ::1 | GET | /api/auth/captcha?v=0.5058567073781339 |"
time="2020-04-29 14:14:48" level=info msg="| 200 |      1.0104ms |             ::1 | GET | /api/auth/captcha?v=0.9876080449224871 |"
time="2020-04-29 14:15:05" level=info msg="| 200 |            0s |             ::1 | POST | /api/auth/register |"
time="2020-04-29 14:15:57" level=info msg="| 200 |      1.0016ms |             ::1 | GET | /api/auth/register |"
time="2020-04-29 14:15:57" level=info msg="| 200 |      2.0004ms |             ::1 | GET | /api/auth/captcha |"
time="2020-04-29 14:15:59" level=info msg="| 200 |       968.7µs |             ::1 | GET | /api/auth/register |"
time="2020-04-29 14:15:59" level=info msg="| 200 |      1.0298ms |             ::1 | GET | /api/auth/captcha |"
time="2020-04-29 14:16:00" level=info msg="| 200 |       998.2µs |             ::1 | GET | /api/auth/captcha?v=0.6416768764789862 |"
time="2020-04-29 14:16:01" level=info msg="| 200 |      1.0306ms |             ::1 | GET | /api/auth/captcha?v=0.8456071167675434 |"
time="2020-04-29 14:16:02" level=info msg="| 200 |       983.4µs |             ::1 | GET | /api/auth/captcha?v=0.4674969965426963 |"
time="2020-04-29 14:16:03" level=info msg="| 200 |      1.0094ms |             ::1 | GET | /api/auth/captcha?v=0.08591529455324332 |"
time="2020-04-29 14:16:04" level=info msg="| 200 |      1.0329ms |             ::1 | GET | /api/auth/captcha?v=0.5789618447407721 |"
time="2020-04-29 14:16:04" level=info msg="| 200 |      1.0312ms |             ::1 | GET | /api/auth/captcha?v=0.8921750065301848 |"
time="2020-04-29 14:16:06" level=info msg="| 200 |            0s |             ::1 | GET | /api/auth/captcha?v=0.8485033108826796 |"
time="2020-04-29 14:16:07" level=info msg="| 200 |      1.0002ms |             ::1 | GET | /api/auth/captcha?v=0.17185641390961703 |"
time="2020-04-29 14:16:11" level=info msg="| 200 |      1.0183ms |             ::1 | GET | /api/auth/captcha?v=0.6974167676557235 |"
time="2020-04-29 14:16:24" level=info msg="| 200 |       998.7µs |             ::1 | POST | /api/auth/register |"
time="2020-04-29 14:16:31" level=info msg="| 200 |      2.0239ms |             ::1 | GET | /api/auth/register |"
time="2020-04-29 14:16:31" level=info msg="| 200 |      2.9654ms |             ::1 | GET | /api/auth/captcha |"
time="2020-04-29 14:16:32" level=info msg="| 200 |            0s |             ::1 | GET | /api/auth/captcha?v=0.44613944105266756 |"
time="2020-04-29 14:16:36" level=info msg="| 200 |       992.2µs |             ::1 | GET | /api/auth/captcha?v=0.5729020670761713 |"
time="2020-04-29 14:16:36" level=info msg="| 200 |       999.1µs |             ::1 | GET | /api/auth/captcha?v=0.1013797790879225 |"
time="2020-04-29 14:16:58" level=info msg="| 200 |     78.9966ms |             ::1 | POST | /api/auth/register |"
time="2020-04-29 14:26:55" level=info msg="| 200 |            0s |             ::1 | GET | /api/auth/register |"
time="2020-04-29 14:26:55" level=info msg="| 200 |      4.0032ms |             ::1 | GET | /api/auth/captcha |"
time="2020-04-29 14:26:56" level=info msg="| 200 |       998.1µs |             ::1 | GET | /api/auth/register |"
time="2020-04-29 14:26:56" level=info msg="| 200 |      1.9947ms |             ::1 | GET | /api/auth/captcha |"
time="2020-04-29 14:27:56" level=info msg="| 200 |      1.0055ms |             ::1 | GET | /api/auth/register |"
time="2020-04-29 14:27:56" level=info msg="| 200 |     16.0952ms |             ::1 | GET | /api/auth/captcha |"
time="2020-04-29 14:27:56" level=info msg="| 404 |            0s |             ::1 | GET | /favicon.ico |"
time="2020-04-29 14:27:58" level=info msg="| 200 |     10.8705ms |             ::1 | GET | /api/auth/captcha?v=0.015884117983636203 |"
time="2020-04-29 14:28:00" level=info msg="| 200 |      9.9224ms |             ::1 | GET | /api/auth/captcha?v=0.02657114147043127 |"
time="2020-04-29 14:28:04" level=info msg="| 200 |      1.9998ms |             ::1 | GET | /api/auth/register |"
time="2020-04-29 14:28:04" level=info msg="| 200 |       999.9µs |             ::1 | GET | /api/auth/captcha |"
time="2020-04-29 14:28:19" level=info msg="| 200 |       952.6µs |             ::1 | GET | /api/auth/captcha?v=0.2829788214657729 |"
time="2020-04-29 14:28:21" level=info msg="| 200 |       998.6µs |             ::1 | GET | /api/auth/captcha?v=0.7442439824968585 |"
time="2020-04-29 14:28:22" level=info msg="| 200 |            0s |             ::1 | GET | /api/auth/captcha?v=0.1118351120217671 |"
time="2020-04-29 14:28:23" level=info msg="| 200 |      1.0302ms |             ::1 | GET | /api/auth/captcha?v=0.5943448813656198 |"
time="2020-04-29 14:28:24" level=info msg="| 200 |      1.0019ms |             ::1 | GET | /api/auth/captcha?v=0.43886875587887286 |"
time="2020-04-29 14:28:29" level=info msg="| 200 |       999.7µs |             ::1 | GET | /api/auth/captcha?v=0.644801841516278 |"
time="2020-04-29 14:28:30" level=info msg="| 200 |      8.2642ms |             ::1 | GET | /api/auth/captcha?v=0.23783031246162256 |"
time="2020-04-29 14:28:31" level=info msg="| 200 |      3.2353ms |             ::1 | GET | /api/auth/captcha?v=0.2022917980284824 |"
time="2020-04-29 14:28:41" level=info msg="| 200 |     79.9997ms |             ::1 | POST | /api/auth/register |"
time="2020-04-29 14:28:44" level=info msg="| 200 |      2.7471ms |             ::1 | GET | /api/auth/register |"
time="2020-04-29 14:28:45" level=info msg="| 200 |      6.8575ms |             ::1 | GET | /api/auth/captcha |"
time="2020-04-29 14:28:45" level=info msg="| 404 |            0s |             ::1 | GET | /favicon.ico |"
time="2020-04-29 14:35:54" level=info msg="| 200 |       999.6µs |             ::1 | GET | /api/auth/register |"
time="2020-04-29 14:35:54" level=info msg="| 200 |     19.9968ms |             ::1 | GET | /api/auth/captcha |"
time="2020-04-29 14:36:01" level=info msg="| 200 |      2.0052ms |             ::1 | GET | /api/auth/login |"
time="2020-04-29 14:36:02" level=info msg="| 200 |      1.0107ms |             ::1 | GET | /api/auth/captcha |"
time="2020-04-29 14:36:03" level=info msg="| 200 |      1.0327ms |             ::1 | GET | /api/auth/captcha?v=0.7918699093618546 |"
time="2020-04-29 14:36:04" level=info msg="| 200 |      1.0363ms |             ::1 | GET | /api/auth/captcha?v=0.2397620378225196 |"
time="2020-04-29 14:36:04" level=info msg="| 200 |           1ms |             ::1 | GET | /api/auth/captcha?v=0.33186908212487753 |"
time="2020-04-29 15:09:24" level=info msg="| 200 |       996.7µs |             ::1 | GET | /api/auth/login |"
time="2020-04-29 15:09:24" level=info msg="| 200 |      3.9969ms |             ::1 | GET | /api/auth/captcha |"
time="2020-04-29 15:09:35" level=info msg="| 200 |      1.0018ms |             ::1 | GET | /api/auth/captcha?v=0.21679831212074285 |"
time="2020-04-29 15:09:36" level=info msg="| 200 |            0s |             ::1 | GET | /api/auth/captcha?v=0.6399626734044637 |"
time="2020-04-29 15:09:40" level=error msg="用户数据绑定错误error" name=PostLogin
time="2020-04-29 15:09:40" level=info msg="| 400 |      3.0011ms |             ::1 | POST | /api/auth/login |"
time="2020-04-29 15:19:53" level=info msg="| 200 |      3.0349ms |             ::1 | GET | /api/auth/login |"
time="2020-04-29 15:19:53" level=info msg="| 200 |      10.001ms |             ::1 | GET | /api/auth/captcha |"
time="2020-04-29 15:19:59" level=info msg="| 200 |            0s |             ::1 | GET | /api/auth/captcha?v=0.9456537127191946 |"
time="2020-04-29 15:20:00" level=info msg="| 200 |            0s |             ::1 | GET | /api/auth/captcha?v=0.8133800591235074 |"
time="2020-04-29 15:20:01" level=info msg="| 200 |       991.7µs |             ::1 | GET | /api/auth/captcha?v=0.2539610132452561 |"
time="2020-04-29 15:20:06" level=info msg="| 200 |       999.9µs |             ::1 | POST | /api/auth/login |"
time="2020-04-29 15:20:12" level=info msg="| 200 |      1.0111ms |             ::1 | GET | /api/auth/login |"
time="2020-04-29 15:20:12" level=info msg="| 200 |      3.0109ms |             ::1 | GET | /api/auth/captcha |"
time="2020-04-29 15:20:12" level=info msg="| 200 |      2.0228ms |             ::1 | GET | /api/auth/login |"
time="2020-04-29 15:20:12" level=info msg="| 200 |      5.9952ms |             ::1 | GET | /api/auth/captcha |"
time="2020-04-29 15:20:17" level=info msg="| 200 |      1.0335ms |             ::1 | GET | /api/auth/captcha?v=0.6995603259803582 |"
time="2020-04-29 15:20:21" level=info msg="| 200 |            0s |             ::1 | POST | /api/auth/login |"
time="2020-04-29 15:20:41" level=info msg="| 200 |       1.029ms |             ::1 | GET | /api/auth/login |"
time="2020-04-29 15:20:41" level=info msg="| 200 |      5.0384ms |             ::1 | GET | /api/auth/captcha |"
time="2020-04-29 15:20:42" level=info msg="| 200 |      1.0013ms |             ::1 | GET | /api/auth/login |"
time="2020-04-29 15:20:42" level=info msg="| 200 |      2.0125ms |             ::1 | GET | /api/auth/captcha |"
time="2020-04-29 15:20:48" level=info msg="| 200 |            0s |             ::1 | GET | /api/auth/captcha?v=0.436588811909421 |"
time="2020-04-29 15:20:49" level=info msg="| 200 |      1.0002ms |             ::1 | GET | /api/auth/captcha?v=0.18772433952311807 |"
time="2020-04-29 15:20:49" level=info msg="| 200 |            0s |             ::1 | GET | /api/auth/captcha?v=0.5920572021784343 |"
time="2020-04-29 15:20:50" level=info msg="| 200 |            0s |             ::1 | GET | /api/auth/captcha?v=0.05155797799859041 |"
time="2020-04-29 15:20:51" level=info msg="| 200 |      2.0095ms |             ::1 | GET | /api/auth/captcha?v=0.028759910723995974 |"
time="2020-04-29 15:20:53" level=info msg="| 200 |         997µs |             ::1 | GET | /api/auth/captcha?v=0.4903030953913521 |"
time="2020-04-29 15:20:53" level=info msg="| 200 |       996.5µs |             ::1 | GET | /api/auth/captcha?v=0.26754453715283577 |"
time="2020-04-29 15:20:54" level=info msg="| 200 |       999.5µs |             ::1 | GET | /api/auth/captcha?v=0.5715392435253446 |"
time="2020-04-29 15:20:55" level=info msg="| 200 |      1.0231ms |             ::1 | GET | /api/auth/captcha?v=0.48363133421390536 |"
time="2020-04-29 15:20:58" level=info msg="| 200 |       1.034ms |             ::1 | GET | /api/auth/captcha?v=0.2444797563537935 |"
time="2020-04-29 15:21:02" level=info msg="| 200 |       994.7µs |             ::1 | GET | /api/auth/captcha?v=0.21536832418354868 |"
time="2020-04-29 15:21:03" level=info msg="| 200 |            0s |             ::1 | GET | /api/auth/captcha?v=0.5385726096205345 |"
time="2020-04-29 15:21:04" level=info msg="| 200 |      1.0033ms |             ::1 | GET | /api/auth/captcha?v=0.6959080755965674 |"
time="2020-04-29 15:21:05" level=info msg="| 200 |       980.1µs |             ::1 | GET | /api/auth/captcha?v=0.947899435329371 |"
time="2020-04-29 15:21:10" level=info msg="| 200 |       986.7µs |             ::1 | POST | /api/auth/login |"
time="2020-04-29 15:31:22" level=info msg="| 200 |      2.0368ms |             ::1 | GET | /api/auth/login |"
time="2020-04-29 15:31:22" level=info msg="| 200 |     11.9998ms |             ::1 | GET | /api/auth/captcha |"
time="2020-04-29 15:31:31" level=info msg="| 200 |      7.0197ms |             ::1 | POST | /api/auth/login |"
time="2020-04-29 15:48:17" level=info msg="| 200 |         995µs |             ::1 | GET | /api/auth/login |"
time="2020-04-29 15:48:17" level=info msg="| 200 |     13.0025ms |             ::1 | GET | /api/auth/captcha |"
time="2020-04-29 15:48:28" level=info msg="| 200 |     47.2571ms |             ::1 | POST | /api/auth/login |"
time="2020-04-29 15:58:31" level=info msg="| 200 |      1.0007ms |             ::1 | GET | /api/auth/login |"
time="2020-04-29 15:58:31" level=info msg="| 200 |     13.0068ms |             ::1 | GET | /api/auth/captcha |"
time="2020-04-29 15:58:34" level=info msg="| 200 |      1.0104ms |             ::1 | GET | /api/auth/captcha?v=0.8136551939018988 |"
time="2020-04-29 15:58:35" level=info msg="| 200 |       998.6µs |             ::1 | GET | /api/auth/captcha?v=0.46779530316939555 |"
time="2020-04-29 15:58:36" level=info msg="| 200 |      1.9409ms |             ::1 | GET | /api/auth/captcha?v=0.022823051719020437 |"
time="2020-04-29 15:59:05" level=info msg="| 200 |      4.9993ms |             ::1 | POST | /api/auth/login |"
time="2020-04-29 16:00:47" level=info msg="| 200 |      1.0008ms |             ::1 | GET | /api/auth/login |"
time="2020-04-29 16:00:47" level=info msg="| 200 |      12.973ms |             ::1 | GET | /api/auth/captcha |"
time="2020-04-29 16:00:53" level=info msg="| 200 |      9.9993ms |             ::1 | GET | /api/auth/captcha?v=0.22226425200787836 |"
time="2020-04-29 16:00:54" level=info msg="| 200 |         998µs |             ::1 | GET | /api/auth/captcha?v=0.6272377446173998 |"
time="2020-04-29 16:01:01" level=info msg="| 200 |      4.0043ms |             ::1 | POST | /api/auth/login |"
time="2020-04-29 16:07:13" level=info msg="| 200 |       1.003ms |             ::1 | GET | /api/auth/login |"
time="2020-04-29 16:07:13" level=info msg="| 200 |      6.0062ms |             ::1 | GET | /api/auth/captcha |"
time="2020-04-29 16:07:29" level=info msg="| 200 |       7.066ms |             ::1 | POST | /api/auth/login |"
time="2020-04-29 16:07:38" level=info msg="| 200 |       965.7µs |             ::1 | GET | /api/auth/login |"
time="2020-04-29 16:07:38" level=info msg="| 200 |      3.0352ms |             ::1 | GET | /api/auth/captcha |"
time="2020-04-29 16:07:43" level=info msg="| 200 |      1.0018ms |             ::1 | GET | /api/auth/register |"
time="2020-04-29 16:07:43" level=info msg="| 200 |      1.0018ms |             ::1 | GET | /api/auth/captcha |"
time="2020-04-29 16:07:59" level=info msg="| 200 |     79.9947ms |             ::1 | POST | /api/auth/register |"
time="2020-04-29 16:08:18" level=info msg="| 200 |      1.9994ms |             ::1 | GET | /api/auth/login |"
time="2020-04-29 16:08:18" level=info msg="| 200 |     10.9964ms |             ::1 | GET | /api/auth/captcha |"
time="2020-04-29 16:08:30" level=info msg="| 200 |       1.998ms |             ::1 | POST | /api/auth/login |"
time="2020-04-29 16:09:59" level=info msg="| 200 |      2.0222ms |             ::1 | GET | /api/auth/login |"
time="2020-04-29 16:09:59" level=info msg="| 200 |      8.9925ms |             ::1 | GET | /api/auth/captcha |"
time="2020-04-29 16:10:15" level=info msg="| 200 |      7.0107ms |             ::1 | POST | /api/auth/login |"
time="2020-04-29 16:16:32" level=info msg="| 200 |       995.7µs |             ::1 | GET | /api/auth/login |"
time="2020-04-29 16:16:32" level=info msg="| 200 |       4.002ms |             ::1 | GET | /api/auth/captcha |"
time="2020-04-29 16:17:06" level=info msg="| 200 |      8.0161ms |             ::1 | POST | /api/auth/login |"
time="2020-04-29 16:18:26" level=info msg="| 200 |      1.0282ms |             ::1 | GET | /api/auth/login |"
time="2020-04-29 16:18:26" level=info msg="| 200 |      5.9988ms |             ::1 | GET | /api/auth/captcha |"
time="2020-04-29 16:18:27" level=info msg="| 200 |      1.0013ms |             ::1 | GET | /api/auth/login |"
time="2020-04-29 16:18:27" level=info msg="| 200 |      1.9984ms |             ::1 | GET | /api/auth/captcha |"
time="2020-04-29 16:18:38" level=info msg="| 200 |      5.0056ms |             ::1 | POST | /api/auth/login |"
time="2020-04-29 16:26:51" level=info msg="| 200 |      1.9992ms |             ::1 | GET | /api/auth/register |"
time="2020-04-29 16:26:51" level=info msg="| 200 |      5.0411ms |             ::1 | GET | /api/auth/captcha |"
time="2020-04-29 16:27:16" level=info msg="| 200 |      1.0124ms |             ::1 | GET | /api/auth/captcha?v=0.9141241797685411 |"
time="2020-04-29 16:27:20" level=info msg="| 200 |      84.033ms |             ::1 | POST | /api/auth/register |"
time="2020-04-29 16:28:31" level=info msg="| 200 |      2.0095ms |             ::1 | GET | /api/auth/login |"
time="2020-04-29 16:28:31" level=info msg="| 200 |      6.0007ms |             ::1 | GET | /api/auth/captcha |"
time="2020-04-29 16:28:40" level=info msg="| 200 |      1.0035ms |             ::1 | GET | /api/auth/captcha?v=0.07520312440780974 |"
time="2020-04-29 16:28:45" level=info msg="| 200 |     86.0301ms |             ::1 | POST | /api/auth/login |"
time="2020-04-29 16:29:20" level=info msg="| 200 |       989.6µs |             ::1 | GET | /api/auth/login |"
time="2020-04-29 16:29:20" level=info msg="| 200 |      4.9984ms |             ::1 | GET | /api/auth/captcha |"
time="2020-04-29 16:29:21" level=info msg="| 200 |      3.9862ms |             ::1 | GET | /api/auth/login |"
time="2020-04-29 16:29:21" level=info msg="| 200 |      6.9881ms |             ::1 | GET | /api/auth/captcha |"
time="2020-04-29 16:29:33" level=info msg="| 200 |      84.993ms |             ::1 | POST | /api/auth/login |"
time="2020-04-29 16:29:35" level=info msg="| 200 |      1.0061ms |             ::1 | GET | /api/auth/login |"
time="2020-04-29 16:47:30" level=info msg="| 200 |       994.5µs |             ::1 | GET | /api/auth/login |"
time="2020-04-29 16:47:30" level=info msg="| 200 |     12.0288ms |             ::1 | GET | /api/auth/captcha |"
time="2020-04-29 16:47:43" level=info msg="| 200 |     76.0219ms |             ::1 | POST | /api/auth/login |"
time="2020-04-29 17:14:16" level=info msg="| 200 |      3.0081ms |             ::1 | GET | /api/auth/login |"
time="2020-04-29 17:14:16" level=info msg="| 200 |      5.0225ms |             ::1 | GET | /api/auth/captcha |"
time="2020-04-29 17:15:21" level=info msg="| 200 |     82.0043ms |             ::1 | POST | /api/auth/login |"
time="2020-04-29 17:25:41" level=info msg="| 200 |      1.9899ms |             ::1 | GET | /api/auth/login |"
time="2020-04-29 17:25:41" level=info msg="| 200 |      8.9916ms |             ::1 | GET | /api/auth/captcha |"
time="2020-04-29 17:25:50" level=info msg="| 200 |       999.3µs |             ::1 | GET | /api/auth/captcha?v=0.4792422526745672 |"
time="2020-04-29 17:25:51" level=info msg="| 200 |            0s |             ::1 | GET | /api/auth/captcha?v=0.3567478218789415 |"
time="2020-04-29 17:25:55" level=info msg="| 200 |     78.0218ms |             ::1 | POST | /api/auth/login |"
